TN:
SF:infrastructure\api\fundRouter.ts
FN:24,(anonymous_1)
FN:29,(anonymous_2)
FN:54,(anonymous_3)
FN:67,(anonymous_4)
FN:84,handleError
FN:87,(anonymous_6)
FNF:6
FNH:6
FNDA:20,(anonymous_1)
FNDA:12,(anonymous_2)
FNDA:8,(anonymous_3)
FNDA:2,(anonymous_4)
FNDA:12,handleError
FNDA:2,(anonymous_6)
DA:2,2
DA:6,2
DA:7,2
DA:10,2
DA:16,2
DA:24,2
DA:28,20
DA:29,20
DA:30,12
DA:31,12
DA:32,12
DA:33,2
DA:39,10
DA:40,8
DA:41,2
DA:49,2
DA:51,8
DA:54,20
DA:55,8
DA:56,8
DA:57,8
DA:58,2
DA:64,6
DA:65,2
DA:67,2
DA:76,2
DA:78,4
DA:81,20
DA:85,12
DA:86,2
DA:87,2
DA:89,2
DA:94,2
DA:96,10
DA:97,4
DA:102,4
DA:104,6
DA:105,2
DA:110,2
DA:112,4
DA:117,4
LF:41
LH:41
BRDA:32,0,0,2
BRDA:32,0,1,10
BRDA:57,1,0,2
BRDA:57,1,1,6
BRDA:85,2,0,2
BRDA:85,2,1,10
BRDA:96,3,0,4
BRDA:96,3,1,6
BRDA:104,4,0,2
BRDA:104,4,1,4
BRDA:115,5,0,4
BRDA:115,5,1,0
BRF:12
BRH:11
end_of_record
